<?xml version="1.0" encoding="UTF-8"?>
<!-- Generated by org.testng.reporters.JUnitXMLReporter -->
<testsuite ignored="0" hostname="Jaivs-MacBook-Pro.local" failures="0" tests="9" name="Scotianal ALL TESTS" time="63.154" errors="0" timestamp="2022-08-28T13:42:32 EDT">
  <testcase classname="com.lms.qa.tests.LoginPageTest" name="LoginPageTitleTest" time="0.023"/>
  <testcase classname="com.lms.qa.tests.LoginPageTest" name="LoginEmailWithSpecialChar" time="0.739"/>
  <testcase classname="com.lms.qa.tests.LoginPageTest" name="LoginWithEmptyEmail" time="0.596"/>
  <testcase classname="com.lms.qa.tests.LoginPageTest" name="LoginWithEmptyPassword" time="0.646"/>
  <testcase classname="com.lms.qa.tests.LoginPageTest" name="clickOnScotiaLogo" time="0.29"/>
  <testcase classname="com.lms.qa.tests.HomePageTest" name="verifyHomePageTitleTest" time="0.015"/>
  <testcase classname="com.lms.qa.tests.HomePageTest" name="clickOnSmallBusinessLink" time="3.153"/>
  <testcase classname="com.lms.qa.tests.BusinessPageTest" name="verifyBusinessPageTitleTest" time="0.007"/>
  <testcase classname="com.lms.qa.tests.BusinessPageTest" name="validateSizeOfList" time="0.015"/>
</testsuite> <!-- Scotianal ALL TESTS -->
