<?xml version="1.0" encoding="UTF-8"?>
<!-- Generated by org.testng.reporters.JUnitXMLReporter -->
<testsuite ignored="4" hostname="Jaivs-MacBook-Pro.local" failures="0" tests="1" name="Default test" time="6.067" errors="0" timestamp="2022-08-27T22:54:09 EDT">
  <testcase classname="com.lms.qa.tests.LoginPageTest" name="LoginPageTitleTest" time="0.02"/>
  <testcase classname="com.lms.qa.tests.LoginPageTest" name="LoginEmailWithSpecialChar" time="0.0">
    <ignored/>
  </testcase> <!-- LoginEmailWithSpecialChar -->
  <testcase classname="com.lms.qa.tests.LoginPageTest" name="clickOnScotiaLogo" time="0.0">
    <ignored/>
  </testcase> <!-- clickOnScotiaLogo -->
  <testcase classname="com.lms.qa.tests.LoginPageTest" name="LoginWithEmptyEmail" time="0.0">
    <ignored/>
  </testcase> <!-- LoginWithEmptyEmail -->
  <testcase classname="com.lms.qa.tests.LoginPageTest" name="LoginWithEmptyPassword" time="0.0">
    <ignored/>
  </testcase> <!-- LoginWithEmptyPassword -->
</testsuite> <!-- Default test -->
