<?xml version="1.0" encoding="UTF-8"?>
<testng-results ignored="0" total="9" passed="9" failed="0" skipped="0">
  <reporter-output>
  </reporter-output>
  <suite started-at="2022-08-28T13:41:29 EDT" name="Scotiabank TDD" finished-at="2022-08-28T13:42:32 EDT" duration-ms="63154">
    <groups>
      <group name="smoke">
        <method signature="LoginPageTest.clickOnScotiaLogo()[pri:5, instance:com.lms.qa.tests.LoginPageTest@77b14724]" name="clickOnScotiaLogo" class="com.lms.qa.tests.LoginPageTest"/>
      </group> <!-- smoke -->
    </groups>
    <test started-at="2022-08-28T13:41:29 EDT" name="Scotianal ALL TESTS" finished-at="2022-08-28T13:42:32 EDT" duration-ms="63154">
      <class name="com.lms.qa.tests.LoginPageTest">
        <test-method is-config="true" signature="setUp()[pri:0, instance:com.lms.qa.tests.LoginPageTest@77b14724]" started-at="2022-08-28T13:41:29 EDT" name="setUp" finished-at="2022-08-28T13:41:35 EDT" duration-ms="5861" status="PASS">
          <reporter-output>
          </reporter-output>
        </test-method> <!-- setUp -->
        <test-method signature="LoginPageTitleTest()[pri:1, instance:com.lms.qa.tests.LoginPageTest@77b14724]" started-at="2022-08-28T13:41:35 EDT" name="LoginPageTitleTest" finished-at="2022-08-28T13:41:35 EDT" duration-ms="23" status="PASS">
          <reporter-output>
          </reporter-output>
        </test-method> <!-- LoginPageTitleTest -->
        <test-method is-config="true" signature="tearDown()[pri:0, instance:com.lms.qa.tests.LoginPageTest@77b14724]" started-at="2022-08-28T13:41:35 EDT" name="tearDown" finished-at="2022-08-28T13:41:35 EDT" duration-ms="439" status="PASS">
          <reporter-output>
          </reporter-output>
        </test-method> <!-- tearDown -->
        <test-method is-config="true" signature="setUp()[pri:0, instance:com.lms.qa.tests.LoginPageTest@77b14724]" started-at="2022-08-28T13:41:35 EDT" name="setUp" finished-at="2022-08-28T13:41:40 EDT" duration-ms="4820" status="PASS">
          <reporter-output>
          </reporter-output>
        </test-method> <!-- setUp -->
        <test-method signature="LoginEmailWithSpecialChar()[pri:2, instance:com.lms.qa.tests.LoginPageTest@77b14724]" started-at="2022-08-28T13:41:40 EDT" name="LoginEmailWithSpecialChar" finished-at="2022-08-28T13:41:41 EDT" duration-ms="739" status="PASS">
          <reporter-output>
          </reporter-output>
        </test-method> <!-- LoginEmailWithSpecialChar -->
        <test-method is-config="true" signature="tearDown()[pri:0, instance:com.lms.qa.tests.LoginPageTest@77b14724]" started-at="2022-08-28T13:41:41 EDT" name="tearDown" finished-at="2022-08-28T13:41:41 EDT" duration-ms="434" status="PASS">
          <reporter-output>
          </reporter-output>
        </test-method> <!-- tearDown -->
        <test-method is-config="true" signature="setUp()[pri:0, instance:com.lms.qa.tests.LoginPageTest@77b14724]" started-at="2022-08-28T13:41:41 EDT" name="setUp" finished-at="2022-08-28T13:41:46 EDT" duration-ms="4448" status="PASS">
          <reporter-output>
          </reporter-output>
        </test-method> <!-- setUp -->
        <test-method signature="LoginWithEmptyEmail()[pri:3, instance:com.lms.qa.tests.LoginPageTest@77b14724]" started-at="2022-08-28T13:41:46 EDT" name="LoginWithEmptyEmail" finished-at="2022-08-28T13:41:46 EDT" duration-ms="596" status="PASS">
          <reporter-output>
          </reporter-output>
        </test-method> <!-- LoginWithEmptyEmail -->
        <test-method is-config="true" signature="tearDown()[pri:0, instance:com.lms.qa.tests.LoginPageTest@77b14724]" started-at="2022-08-28T13:41:46 EDT" name="tearDown" finished-at="2022-08-28T13:41:47 EDT" duration-ms="455" status="PASS">
          <reporter-output>
          </reporter-output>
        </test-method> <!-- tearDown -->
        <test-method is-config="true" signature="setUp()[pri:0, instance:com.lms.qa.tests.LoginPageTest@77b14724]" started-at="2022-08-28T13:41:47 EDT" name="setUp" finished-at="2022-08-28T13:41:52 EDT" duration-ms="5308" status="PASS">
          <reporter-output>
          </reporter-output>
        </test-method> <!-- setUp -->
        <test-method signature="LoginWithEmptyPassword()[pri:4, instance:com.lms.qa.tests.LoginPageTest@77b14724]" started-at="2022-08-28T13:41:52 EDT" name="LoginWithEmptyPassword" finished-at="2022-08-28T13:41:53 EDT" duration-ms="646" status="PASS">
          <reporter-output>
          </reporter-output>
        </test-method> <!-- LoginWithEmptyPassword -->
        <test-method is-config="true" signature="tearDown()[pri:0, instance:com.lms.qa.tests.LoginPageTest@77b14724]" started-at="2022-08-28T13:41:53 EDT" name="tearDown" finished-at="2022-08-28T13:41:53 EDT" duration-ms="458" status="PASS">
          <reporter-output>
          </reporter-output>
        </test-method> <!-- tearDown -->
        <test-method is-config="true" signature="setUp()[pri:0, instance:com.lms.qa.tests.LoginPageTest@77b14724]" started-at="2022-08-28T13:41:53 EDT" name="setUp" finished-at="2022-08-28T13:41:58 EDT" duration-ms="4702" status="PASS">
          <reporter-output>
          </reporter-output>
        </test-method> <!-- setUp -->
        <test-method signature="clickOnScotiaLogo()[pri:5, instance:com.lms.qa.tests.LoginPageTest@77b14724]" started-at="2022-08-28T13:41:58 EDT" name="clickOnScotiaLogo" finished-at="2022-08-28T13:41:58 EDT" duration-ms="290" status="PASS">
          <reporter-output>
          </reporter-output>
        </test-method> <!-- clickOnScotiaLogo -->
        <test-method is-config="true" signature="tearDown()[pri:0, instance:com.lms.qa.tests.LoginPageTest@77b14724]" started-at="2022-08-28T13:41:58 EDT" name="tearDown" finished-at="2022-08-28T13:41:59 EDT" duration-ms="465" status="PASS">
          <reporter-output>
          </reporter-output>
        </test-method> <!-- tearDown -->
      </class> <!-- com.lms.qa.tests.LoginPageTest -->
      <class name="com.lms.qa.tests.BusinessPageTest">
        <test-method is-config="true" signature="setUp()[pri:0, instance:com.lms.qa.tests.BusinessPageTest@42463763]" started-at="2022-08-28T13:42:13 EDT" name="setUp" finished-at="2022-08-28T13:42:22 EDT" duration-ms="9212" status="PASS">
          <reporter-output>
          </reporter-output>
        </test-method> <!-- setUp -->
        <test-method signature="verifyBusinessPageTitleTest()[pri:1, instance:com.lms.qa.tests.BusinessPageTest@42463763]" started-at="2022-08-28T13:42:22 EDT" name="verifyBusinessPageTitleTest" finished-at="2022-08-28T13:42:22 EDT" duration-ms="7" status="PASS">
          <reporter-output>
          </reporter-output>
        </test-method> <!-- verifyBusinessPageTitleTest -->
        <test-method is-config="true" signature="tearDown()[pri:0, instance:com.lms.qa.tests.BusinessPageTest@42463763]" started-at="2022-08-28T13:42:22 EDT" name="tearDown" finished-at="2022-08-28T13:42:23 EDT" duration-ms="494" status="PASS">
          <reporter-output>
          </reporter-output>
        </test-method> <!-- tearDown -->
        <test-method is-config="true" signature="setUp()[pri:0, instance:com.lms.qa.tests.BusinessPageTest@42463763]" started-at="2022-08-28T13:42:23 EDT" name="setUp" finished-at="2022-08-28T13:42:32 EDT" duration-ms="9114" status="PASS">
          <reporter-output>
          </reporter-output>
        </test-method> <!-- setUp -->
        <test-method signature="validateSizeOfList()[pri:2, instance:com.lms.qa.tests.BusinessPageTest@42463763]" started-at="2022-08-28T13:42:32 EDT" name="validateSizeOfList" finished-at="2022-08-28T13:42:32 EDT" duration-ms="15" status="PASS">
          <reporter-output>
          </reporter-output>
        </test-method> <!-- validateSizeOfList -->
        <test-method is-config="true" signature="tearDown()[pri:0, instance:com.lms.qa.tests.BusinessPageTest@42463763]" started-at="2022-08-28T13:42:32 EDT" name="tearDown" finished-at="2022-08-28T13:42:32 EDT" duration-ms="469" status="PASS">
          <reporter-output>
          </reporter-output>
        </test-method> <!-- tearDown -->
      </class> <!-- com.lms.qa.tests.BusinessPageTest -->
      <class name="com.lms.qa.tests.HomePageTest">
        <test-method is-config="true" signature="setUp()[pri:0, instance:com.lms.qa.tests.HomePageTest@6b3e12b5]" started-at="2022-08-28T13:41:59 EDT" name="setUp" finished-at="2022-08-28T13:42:04 EDT" duration-ms="4873" status="PASS">
          <reporter-output>
          </reporter-output>
        </test-method> <!-- setUp -->
        <test-method signature="verifyHomePageTitleTest()[pri:1, instance:com.lms.qa.tests.HomePageTest@6b3e12b5]" started-at="2022-08-28T13:42:04 EDT" name="verifyHomePageTitleTest" finished-at="2022-08-28T13:42:04 EDT" duration-ms="15" status="PASS">
          <reporter-output>
          </reporter-output>
        </test-method> <!-- verifyHomePageTitleTest -->
        <test-method is-config="true" signature="tearDown()[pri:0, instance:com.lms.qa.tests.HomePageTest@6b3e12b5]" started-at="2022-08-28T13:42:04 EDT" name="tearDown" finished-at="2022-08-28T13:42:04 EDT" duration-ms="462" status="PASS">
          <reporter-output>
          </reporter-output>
        </test-method> <!-- tearDown -->
        <test-method is-config="true" signature="setUp()[pri:0, instance:com.lms.qa.tests.HomePageTest@6b3e12b5]" started-at="2022-08-28T13:42:04 EDT" name="setUp" finished-at="2022-08-28T13:42:09 EDT" duration-ms="5048" status="PASS">
          <reporter-output>
          </reporter-output>
        </test-method> <!-- setUp -->
        <test-method signature="clickOnSmallBusinessLink()[pri:2, instance:com.lms.qa.tests.HomePageTest@6b3e12b5]" started-at="2022-08-28T13:42:09 EDT" name="clickOnSmallBusinessLink" finished-at="2022-08-28T13:42:12 EDT" duration-ms="3153" status="PASS">
          <reporter-output>
          </reporter-output>
        </test-method> <!-- clickOnSmallBusinessLink -->
        <test-method is-config="true" signature="tearDown()[pri:0, instance:com.lms.qa.tests.HomePageTest@6b3e12b5]" started-at="2022-08-28T13:42:12 EDT" name="tearDown" finished-at="2022-08-28T13:42:13 EDT" duration-ms="476" status="PASS">
          <reporter-output>
          </reporter-output>
        </test-method> <!-- tearDown -->
      </class> <!-- com.lms.qa.tests.HomePageTest -->
    </test> <!-- Scotianal ALL TESTS -->
  </suite> <!-- Scotiabank TDD -->
</testng-results>
